0 info it worked if it ends with ok
1 verbose cli [ '/Users/nicknikolov/.nvm/v0.10.29/bin/node',
1 verbose cli   '/Users/nicknikolov/.nvm/v0.10.29/bin/npm',
1 verbose cli   'run',
1 verbose cli   'watch' ]
2 info using npm@1.4.14
3 info using node@v0.10.29
4 verbose run-script [ 'prewatch', 'watch', 'postwatch' ]
5 info prewatch space-colonization@0.0.1
6 info watch space-colonization@0.0.1
7 verbose unsafe-perm in lifecycle true
8 info space-colonization@0.0.1 Failed to exec watch script
9 error space-colonization@0.0.1 watch: `./lib/watchscript.js`
9 error Exit status 126
10 error Failed at the space-colonization@0.0.1 watch script.
10 error This is most likely a problem with the space-colonization package,
10 error not with npm itself.
10 error Tell the author that this fails on your system:
10 error     ./lib/watchscript.js
10 error You can get their info via:
10 error     npm owner ls space-colonization
10 error There is likely additional logging output above.
11 error System Darwin 13.3.0
12 error command "/Users/nicknikolov/.nvm/v0.10.29/bin/node" "/Users/nicknikolov/.nvm/v0.10.29/bin/npm" "run" "watch"
13 error cwd /Users/nicknikolov/Desktop/Projects/Variable/Space Colonization/space-colonization
14 error node -v v0.10.29
15 error npm -v 1.4.14
16 error code ELIFECYCLE
17 verbose exit [ 1, true ]
